<?xml version="1.0" encoding="UTF-8"?>
<testsuite xmlns:xsi="http://www.w3.org/2001/XMLSchema-instance" xsi:noNamespaceSchemaLocation="https://maven.apache.org/surefire/maven-surefire-plugin/xsd/surefire-test-report-3.0.xsd" version="3.0" name="dk.sdu.discoveryserver.DiscoveryServerApplicationTests" time="3.596" tests="1" errors="0" skipped="0" failures="0">
  <properties>
[...]
</properties>
  <testcase name="contextLoads" classname="dk.sdu.discoveryserver.DiscoveryServerApplicationTests" time="0.698">
    <system-out><![CDATA[13:13:16.818 [main] INFO org.springframework.test.context.support.AnnotationConfigContextLoaderUtils -- Could not detect default configuration classes for test class [dk.sdu.discoveryserver.DiscoveryServerApplicationTests]: DiscoveryServerApplicationTests does not declare any static, non-private, non-final, nested classes annotated with @Configuration.
13:13:16.904 [main] INFO org.springframework.boot.test.context.SpringBootTestContextBootstrapper -- Found @SpringBootConfiguration dk.sdu.discoveryserver.DiscoveryServerApplication for test class dk.sdu.discoveryserver.DiscoveryServerApplicationTests

  .   ____          _            __ _ _
 /\\ / ___'_ __ _ _(_)_ __  __ _ \ \ \ \
( ( )\___ | '_ | '_| | '_ \/ _` | \ \ \ \
 \\/  ___)| |_)| | | | | || (_| |  ) ) ) )
  '  |____| .__|_| |_|_| |_\__, | / / / /
 =========|_|==============|___/=/_/_/_/
 :: Spring Boot ::                (v3.1.4)

2023-11-30T13:13:17.219+01:00  INFO 30445 --- [           main] d.s.d.DiscoveryServerApplicationTests    : Starting DiscoveryServerApplicationTests using Java 21 with PID 30445 (started by frederiknielsen in /Users/frederiknielsen/uni/6thsem/EshopMicroservices/EshopMicroservices/discovery-server)
2023-11-30T13:13:17.220+01:00  INFO 30445 --- [           main] d.s.d.DiscoveryServerApplicationTests    : No active profile set, falling back to 1 default profile: "default"
2023-11-30T13:13:18.031+01:00  INFO 30445 --- [           main] o.s.cloud.context.scope.GenericScope     : BeanFactory id=b37b62bb-0ef8-33b4-90d5-e8e0a6388a06
2023-11-30T13:13:18.984+01:00  WARN 30445 --- [           main] iguration$LoadBalancerCaffeineWarnLogger : Spring Cloud LoadBalancer is currently working with the default cache. While this cache implementation is useful for development and tests, it's recommended to use Caffeine cache in production.You can switch to using Caffeine cache, by adding it and org.springframework.cache.caffeine.CaffeineCacheManager to the classpath.
2023-11-30T13:13:19.205+01:00  INFO 30445 --- [           main] o.s.c.n.eureka.InstanceInfoFactory       : Setting initial instance status as: STARTING
2023-11-30T13:13:19.233+01:00  INFO 30445 --- [           main] com.netflix.discovery.DiscoveryClient    : Initializing Eureka in region us-east-1
2023-11-30T13:13:19.235+01:00  INFO 30445 --- [           main] com.netflix.discovery.DiscoveryClient    : Client configured to neither register nor query for data.
2023-11-30T13:13:19.243+01:00  INFO 30445 --- [           main] com.netflix.discovery.DiscoveryClient    : Discovery Client initialized at timestamp 1701346399241 with initial instances count: 0
2023-11-30T13:13:19.279+01:00  INFO 30445 --- [           main] c.n.eureka.DefaultEurekaServerContext    : Initializing ...
2023-11-30T13:13:19.281+01:00  WARN 30445 --- [           main] c.n.eureka.cluster.PeerEurekaNodes       : The replica size seems to be empty. Check the route 53 DNS Registry
2023-11-30T13:13:19.383+01:00  INFO 30445 --- [           main] c.n.e.registry.AbstractInstanceRegistry  : Finished initializing remote region registries. All known remote regions: []
2023-11-30T13:13:19.384+01:00  INFO 30445 --- [           main] c.n.eureka.DefaultEurekaServerContext    : Initialized
2023-11-30T13:13:19.486+01:00  INFO 30445 --- [           main] o.s.b.a.e.web.EndpointLinksResolver      : Exposing 1 endpoint(s) beneath base path '/actuator'
2023-11-30T13:13:19.523+01:00  INFO 30445 --- [           main] o.s.c.n.e.s.EurekaServiceRegistry        : Registering application UNKNOWN with eureka with status UP
2023-11-30T13:13:19.533+01:00  INFO 30445 --- [      Thread-10] o.s.c.n.e.server.EurekaServerBootstrap   : isAws returned false
2023-11-30T13:13:19.533+01:00  INFO 30445 --- [      Thread-10] o.s.c.n.e.server.EurekaServerBootstrap   : Initialized server context
2023-11-30T13:13:19.533+01:00  INFO 30445 --- [      Thread-10] c.n.e.r.PeerAwareInstanceRegistryImpl    : Got 1 instances from neighboring DS node
2023-11-30T13:13:19.533+01:00  INFO 30445 --- [      Thread-10] c.n.e.r.PeerAwareInstanceRegistryImpl    : Renew threshold is: 1
2023-11-30T13:13:19.534+01:00  INFO 30445 --- [      Thread-10] c.n.e.r.PeerAwareInstanceRegistryImpl    : Changing status to UP
2023-11-30T13:13:19.538+01:00  INFO 30445 --- [           main] d.s.d.DiscoveryServerApplicationTests    : Started DiscoveryServerApplicationTests in 2.513 seconds (process running for 3.295)
2023-11-30T13:13:19.543+01:00  INFO 30445 --- [      Thread-10] e.s.EurekaServerInitializerConfiguration : Started Eureka Server
]]></system-out>
    <system-err><![CDATA[WARNING: A Java agent has been loaded dynamically (/Users/frederiknielsen/.m2/repository/net/bytebuddy/byte-buddy-agent/1.14.8/byte-buddy-agent-1.14.8.jar)
WARNING: If a serviceability tool is in use, please run with -XX:+EnableDynamicAgentLoading to hide this warning
WARNING: If a serviceability tool is not in use, please run with -Djdk.instrument.traceUsage for more information
WARNING: Dynamic loading of agents will be disallowed by default in a future release
]]></system-err>
  </testcase>
</testsuite>